<?xml version="1.0" encoding="UTF-8"?>
<testsuite xmlns:xsi="http://www.w3.org/2001/XMLSchema-instance" xsi:noNamespaceSchemaLocation="https://maven.apache.org/surefire/maven-surefire-plugin/xsd/surefire-test-report-3.0.xsd" version="3.0" name="org.example.Amazon.AmazonUnitTest" time="0.555" tests="12" errors="0" skipped="0" failures="0">
  <properties>
[...]
</properties>
  <testcase name="amazon_calculate_aggregatesMultipleRules" classname="org.example.Amazon.AmazonUnitTest" time="0.528">
    <system-err><![CDATA[WARNING: A Java agent has been loaded dynamically (/Users/davidvalencia/.m2/repository/net/bytebuddy/byte-buddy-agent/1.14.6/byte-buddy-agent-1.14.6.jar)
WARNING: If a serviceability tool is in use, please run with -XX:+EnableDynamicAgentLoading to hide this warning
WARNING: If a serviceability tool is not in use, please run with -Djdk.instrument.traceUsage for more information
WARNING: Dynamic loading of agents will be disallowed by default in a future release
]]></system-err>
  </testcase>
  <testcase name="deliveryPrice_returnsTwelvePointFive_whenFourToTenItems" classname="org.example.Amazon.AmazonUnitTest" time="0.003"/>
  <testcase name="amazon_addToCart_callsCartAdd" classname="org.example.Amazon.AmazonUnitTest" time="0.004"/>
  <testcase name="extraCostForElectronics_returnsSevenFifty_whenHasElectronic" classname="org.example.Amazon.AmazonUnitTest" time="0.001"/>
  <testcase name="regularCost_multipleItems_correctTotal" classname="org.example.Amazon.AmazonUnitTest" time="0.0"/>
  <testcase name="regularCost_returnsZero_whenCartEmpty" classname="org.example.Amazon.AmazonUnitTest" time="0.001"/>
  <testcase name="deliveryPrice_returnsTwenty_whenMoreThanTenItems" classname="org.example.Amazon.AmazonUnitTest" time="0.001"/>
  <testcase name="amazon_calculate_returnsZero_whenNoRules" classname="org.example.Amazon.AmazonUnitTest" time="0.001"/>
  <testcase name="extraCostForElectronics_returnsZero_whenNoElectronics" classname="org.example.Amazon.AmazonUnitTest" time="0.001"/>
  <testcase name="regularCost_calculatesCorrectTotal" classname="org.example.Amazon.AmazonUnitTest" time="0.0"/>
  <testcase name="deliveryPrice_returnsZero_whenCartEmpty" classname="org.example.Amazon.AmazonUnitTest" time="0.0"/>
  <testcase name="deliveryPrice_returnsFive_whenOneToThreeItems" classname="org.example.Amazon.AmazonUnitTest" time="0.0"/>
</testsuite>